<?xml version="1.0" encoding="UTF-8"?>
<!-- Generated by org.testng.reporters.JUnitReportReporter -->
<testsuite hostname="DESKTOP-8RJ2I6K" name="com.eaf.qa.uitests.PrerequisiteForSM2Test" tests="1" failures="0" timestamp="22 May 2019 06:25:01 GMT" time="260.205" errors="0">
  <testcase name="AddDevices" time="260.205" classname="com.eaf.qa.uitests.PrerequisiteForSM2Test"/>
</testsuite> <!-- com.eaf.qa.uitests.PrerequisiteForSM2Test -->
