<?xml version="1.0" encoding="UTF-8"?>
<!-- Generated by org.testng.reporters.JUnitReportReporter -->
<testsuite hostname="DESKTOP-2SEFOJD" name="com.eaf.qa.uitests.MaintenanceClassesCheckListTest" tests="3" failures="0" timestamp="3 Jul 2019 07:03:17 GMT" time="972.045" errors="0">
  <testcase name="verifyMaintenanceClassesPage" time="125.369" classname="com.eaf.qa.uitests.MaintenanceClassesCheckListTest"/>
  <testcase name="maintenanceClassesCompleteFlow" time="293.595" classname="com.eaf.qa.uitests.MaintenanceClassesCheckListTest"/>
  <testcase name="CreateMultipleMaintenanceClassess" time="553.081" classname="com.eaf.qa.uitests.MaintenanceClassesCheckListTest"/>
</testsuite> <!-- com.eaf.qa.uitests.MaintenanceClassesCheckListTest -->
